<?xml version="1.0" encoding="UTF-8"?>
<!-- Generated by org.testng.reporters.JUnitXMLReporter -->
<testsuite ignored="0" hostname="DESKTOP-OFA3VR4" failures="0" tests="3" name="Default test" time="35.227" errors="0" timestamp="2025-09-25T15:03:00 IST">
  <testcase classname="com.testng.basics.ParallelExecution_Ex" name="openBing" time="3.641"/>
  <testcase classname="com.testng.basics.ParallelExecution_Ex" name="openGoogle" time="25.848"/>
  <testcase classname="com.testng.basics.ParallelExecution_Ex" name="openYahoo" time="5.637"/>
</testsuite> <!-- Default test -->
