<?xml version="1.0" encoding="UTF-8"?>
<!-- Generated by org.testng.reporters.JUnitXMLReporter -->
<testsuite ignored="2" hostname="DESKTOP-OFA3VR4" failures="0" tests="4" name="Test" time="0.098" errors="0" timestamp="2025-09-25T14:49:31 IST">
  <testcase classname="com.testng.basics.Grouping_Ex" name="smokeTest1" time="0.012"/>
  <testcase classname="com.testng.basics.Grouping_Ex" name="smokeTest2" time="0.002"/>
  <testcase classname="com.testng.basics.Grouping_Ex2" name="smokeTest1" time="0.003"/>
  <testcase classname="com.testng.basics.Grouping_Ex2" name="smokeTest2" time="0.001"/>
  <testcase classname="com.testng.basics.Grouping_Ex2" name="smokeTest3" time="0.0">
    <ignored/>
  </testcase> <!-- smokeTest3 -->
  <testcase classname="com.testng.basics.Grouping_Ex" name="smokeTest3" time="0.0">
    <ignored/>
  </testcase> <!-- smokeTest3 -->
</testsuite> <!-- Test -->
